<?xml version="1.0" encoding="UTF-8"?>
<!-- Generated by org.testng.reporters.JUnitReportReporter -->
<testsuite hostname="Flynn" failures="0" tests="6" name="testNgPack.TestNgClass1" time="65.691" errors="0" timestamp="2023-03-03T15:06:24 IST" skipped="0">
  <testcase classname="testNgPack.TestNgClass1" name="Test4" time="5.403"/>
  <system-out/>
  <testcase classname="testNgPack.TestNgClass1" name="Test3" time="5.486"/>
  <system-out/>
  <testcase classname="testNgPack.TestNgClass1" name="Test2" time="16.731"/>
  <system-out/>
  <testcase classname="testNgPack.TestNgClass1" name="Test1" time="20.585"/>
  <system-out/>
  <testcase classname="testNgPack.TestNgClass1" name="Test6" time="6.427"/>
  <system-out/>
  <testcase classname="testNgPack.TestNgClass1" name="Test5" time="11.059"/>
  <system-out/>
</testsuite> <!-- testNgPack.TestNgClass1 -->
